<?xml version="1.0" encoding="UTF-8"?>
<!-- Generated by org.testng.reporters.JUnitXMLReporter -->
<testsuite hostname="BDC4-L-5LW6QQ2" name="Test1" tests="3" failures="1" timestamp="25 Feb 2020 06:43:53 GMT" time="22.08" errors="0">
  <testcase name="testLogin" time="2.409" classname="com.test.DemoWebShopLoginTest"/>
  <testcase name="testLogin" time="1.31" classname="com.test.DemoWebShopLoginTest">
    <failure type="java.lang.AssertionError" message="expected [true] but found [false]">
      <![CDATA[java.lang.AssertionError: expected [true] but found [false]
	at com.test.DemoWebShopLoginTest.testLogin(DemoWebShopLoginTest.java:40)
... Removed 29 stack frames]]>
    </failure>
  </testcase> <!-- testLogin -->
  <testcase name="testLogin" time="2.342" classname="com.test.DemoWebShopLoginTest"/>
</testsuite> <!-- Test1 -->
