<?xml version="1.0" encoding="UTF-8"?>
<!-- Generated by org.testng.reporters.JUnitXMLReporter -->
<testsuite hostname="BDC4-L-5LW6QQ2" ignored="0" name="Test2" tests="3" failures="1" timestamp="03 Jul 2019 15:30:51 GMT" time="15.727" errors="0">
  <testcase name="testLogin" time="3.517" classname="com.tests.NewTest7"/>
  <testcase name="testLogin" time="1.59" classname="com.tests.NewTest7">
    <failure type="java.lang.AssertionError" message="expected [true] but found [false]">
      <![CDATA[java.lang.AssertionError: expected [true] but found [false]
	at com.tests.NewTest7.testLogin(NewTest7.java:45)
... Removed 29 stack frames]]>
    </failure>
  </testcase> <!-- testLogin -->
  <testcase name="testLogin" time="2.485" classname="com.tests.NewTest7"/>
</testsuite> <!-- Test2 -->
