<?xml version="1.0" encoding="UTF-8"?>
<!-- Generated by org.testng.reporters.JUnitXMLReporter -->
<testsuite hostname="BDC4-L-5LW6QQ2" ignored="0" name="Test" tests="3" failures="1" timestamp="15 Feb 2019 03:57:51 GMT" time="15.222" errors="0">
  <testcase name="testLogin" time="2.878" classname="com.tests.NewTest7"/>
  <testcase name="testLogin" time="1.504" classname="com.tests.NewTest7">
    <failure type="java.lang.AssertionError" message="expected [true] but found [false]">
      <![CDATA[java.lang.AssertionError: expected [true] but found [false]
at com.tests.NewTest7.testLogin(NewTest7.java:45)
... Removed 29 stack frames]]>
    </failure>
  </testcase> <!-- testLogin -->
  <testcase name="testLogin" time="2.535" classname="com.tests.NewTest7"/>
</testsuite> <!-- Test -->
