<?xml version="1.0" encoding="UTF-8"?>
<!-- Generated by org.testng.reporters.JUnitXMLReporter -->
<testsuite hostname="BDC4-L-5LW6QQ2" ignored="0" name="Test" tests="3" failures="1" timestamp="2020-07-02T17:51:44 IST" time="63.723" errors="0">
  <testcase name="login" time="8.66" classname="com.test.NewTest7"/>
  <testcase name="login" time="5.32" classname="com.test.NewTest7">
    <failure type="java.lang.AssertionError" message="expected [true] but found [false]">
      <![CDATA[java.lang.AssertionError: expected [true] but found [false]
at com.test.NewTest7.login(NewTest7.java:108)
at java.util.ArrayList.forEach(Unknown Source)
... Removed 31 stack frames]]>
    </failure>
  </testcase> <!-- login -->
  <testcase name="login" time="28.757" classname="com.test.NewTest7"/>
</testsuite> <!-- Test -->
